2025-10-25 11:45:17,080 [Worker-3: Loading available Gradle versions] INFO  o.e.b.c.i.u.g.PublishedGradleVersions - Gradle version information cache is not available. Remote download required.
2025-10-25 11:49:19,681 [Worker-9: Launching mavenrun-3e238c87-bdae-4331-84e2-deaf92331524] INFO  o.eclipse.m2e.core.internal.Bundles - getClasspathEntries(Bundle=org.eclipse.m2e.maven.runtime_3.9.900.20250220-2013 [298])
2025-10-25 11:49:19,686 [Worker-9: Launching mavenrun-3e238c87-bdae-4331-84e2-deaf92331524] INFO  o.eclipse.m2e.core.internal.Bundles - 	Entry: C:\Users\AI\.p2\pool\plugins\org.eclipse.m2e.maven.runtime_3.9.900.20250220-2013
2025-10-25 11:49:19,687 [Worker-9: Launching mavenrun-3e238c87-bdae-4331-84e2-deaf92331524] INFO  o.eclipse.m2e.core.internal.Bundles - 	Entry: C:\Users\AI\.p2\pool\plugins\org.eclipse.m2e.maven.runtime_3.9.900.20250220-2013\jars\aopalliance-1.0.jar
2025-10-25 11:49:19,687 [Worker-9: Launching mavenrun-3e238c87-bdae-4331-84e2-deaf92331524] INFO  o.eclipse.m2e.core.internal.Bundles - 	Entry: C:\Users\AI\.p2\pool\plugins\org.eclipse.m2e.maven.runtime_3.9.900.20250220-2013\jars\guice-5.1.0.jar
2025-10-25 11:49:19,687 [Worker-9: Launching mavenrun-3e238c87-bdae-4331-84e2-deaf92331524] INFO  o.eclipse.m2e.core.internal.Bundles - 	Entry: C:\Users\AI\.p2\pool\plugins\org.eclipse.m2e.maven.runtime_3.9.900.20250220-2013\jars\httpclient-4.5.14.jar
2025-10-25 11:49:19,687 [Worker-9: Launching mavenrun-3e238c87-bdae-4331-84e2-deaf92331524] INFO  o.eclipse.m2e.core.internal.Bundles - 	Entry: C:\Users\AI\.p2\pool\plugins\org.eclipse.m2e.maven.runtime_3.9.900.20250220-2013\jars\httpcore-4.4.16.jar
2025-10-25 11:49:19,688 [Worker-9: Launching mavenrun-3e238c87-bdae-4331-84e2-deaf92331524] INFO  o.eclipse.m2e.core.internal.Bundles - 	Entry: C:\Users\AI\.p2\pool\plugins\org.eclipse.m2e.maven.runtime_3.9.900.20250220-2013\jars\jansi-2.4.1.jar
2025-10-25 11:49:19,688 [Worker-9: Launching mavenrun-3e238c87-bdae-4331-84e2-deaf92331524] INFO  o.eclipse.m2e.core.internal.Bundles - 	Entry: C:\Users\AI\.p2\pool\plugins\org.eclipse.m2e.maven.runtime_3.9.900.20250220-2013\jars\jcl-over-slf4j-1.7.36.jar
2025-10-25 11:49:19,688 [Worker-9: Launching mavenrun-3e238c87-bdae-4331-84e2-deaf92331524] INFO  o.eclipse.m2e.core.internal.Bundles - 	Entry: C:\Users\AI\.p2\pool\plugins\org.eclipse.m2e.maven.runtime_3.9.900.20250220-2013\jars\maven-artifact-3.9.9.jar
2025-10-25 11:49:19,688 [Worker-9: Launching mavenrun-3e238c87-bdae-4331-84e2-deaf92331524] INFO  o.eclipse.m2e.core.internal.Bundles - 	Entry: C:\Users\AI\.p2\pool\plugins\org.eclipse.m2e.maven.runtime_3.9.900.20250220-2013\jars\maven-builder-support-3.9.9.jar
2025-10-25 11:49:19,688 [Worker-9: Launching mavenrun-3e238c87-bdae-4331-84e2-deaf92331524] INFO  o.eclipse.m2e.core.internal.Bundles - 	Entry: C:\Users\AI\.p2\pool\plugins\org.eclipse.m2e.maven.runtime_3.9.900.20250220-2013\jars\maven-compat-3.9.9.jar
2025-10-25 11:49:19,689 [Worker-9: Launching mavenrun-3e238c87-bdae-4331-84e2-deaf92331524] INFO  o.eclipse.m2e.core.internal.Bundles - 	Entry: C:\Users\AI\.p2\pool\plugins\org.eclipse.m2e.maven.runtime_3.9.900.20250220-2013\jars\maven-core-3.9.9.jar
2025-10-25 11:49:19,689 [Worker-9: Launching mavenrun-3e238c87-bdae-4331-84e2-deaf92331524] INFO  o.eclipse.m2e.core.internal.Bundles - 	Entry: C:\Users\AI\.p2\pool\plugins\org.eclipse.m2e.maven.runtime_3.9.900.20250220-2013\jars\maven-embedder-3.9.9.jar
2025-10-25 11:49:19,689 [Worker-9: Launching mavenrun-3e238c87-bdae-4331-84e2-deaf92331524] INFO  o.eclipse.m2e.core.internal.Bundles - 	Entry: C:\Users\AI\.p2\pool\plugins\org.eclipse.m2e.maven.runtime_3.9.900.20250220-2013\jars\maven-model-3.9.9.jar
2025-10-25 11:49:19,689 [Worker-9: Launching mavenrun-3e238c87-bdae-4331-84e2-deaf92331524] INFO  o.eclipse.m2e.core.internal.Bundles - 	Entry: C:\Users\AI\.p2\pool\plugins\org.eclipse.m2e.maven.runtime_3.9.900.20250220-2013\jars\maven-model-builder-3.9.9.jar
2025-10-25 11:49:19,690 [Worker-9: Launching mavenrun-3e238c87-bdae-4331-84e2-deaf92331524] INFO  o.eclipse.m2e.core.internal.Bundles - 	Entry: C:\Users\AI\.p2\pool\plugins\org.eclipse.m2e.maven.runtime_3.9.900.20250220-2013\jars\maven-plugin-api-3.9.9.jar
2025-10-25 11:49:19,690 [Worker-9: Launching mavenrun-3e238c87-bdae-4331-84e2-deaf92331524] INFO  o.eclipse.m2e.core.internal.Bundles - 	Entry: C:\Users\AI\.p2\pool\plugins\org.eclipse.m2e.maven.runtime_3.9.900.20250220-2013\jars\maven-repository-metadata-3.9.9.jar
2025-10-25 11:49:19,690 [Worker-9: Launching mavenrun-3e238c87-bdae-4331-84e2-deaf92331524] INFO  o.eclipse.m2e.core.internal.Bundles - 	Entry: C:\Users\AI\.p2\pool\plugins\org.eclipse.m2e.maven.runtime_3.9.900.20250220-2013\jars\maven-resolver-api-1.9.22.jar
2025-10-25 11:49:19,690 [Worker-9: Launching mavenrun-3e238c87-bdae-4331-84e2-deaf92331524] INFO  o.eclipse.m2e.core.internal.Bundles - 	Entry: C:\Users\AI\.p2\pool\plugins\org.eclipse.m2e.maven.runtime_3.9.900.20250220-2013\jars\maven-resolver-connector-basic-1.9.22.jar
2025-10-25 11:49:19,691 [Worker-9: Launching mavenrun-3e238c87-bdae-4331-84e2-deaf92331524] INFO  o.eclipse.m2e.core.internal.Bundles - 	Entry: C:\Users\AI\.p2\pool\plugins\org.eclipse.m2e.maven.runtime_3.9.900.20250220-2013\jars\maven-resolver-impl-1.9.22.jar
2025-10-25 11:49:19,691 [Worker-9: Launching mavenrun-3e238c87-bdae-4331-84e2-deaf92331524] INFO  o.eclipse.m2e.core.internal.Bundles - 	Entry: C:\Users\AI\.p2\pool\plugins\org.eclipse.m2e.maven.runtime_3.9.900.20250220-2013\jars\maven-resolver-named-locks-1.9.22.jar
2025-10-25 11:49:19,691 [Worker-9: Launching mavenrun-3e238c87-bdae-4331-84e2-deaf92331524] INFO  o.eclipse.m2e.core.internal.Bundles - 	Entry: C:\Users\AI\.p2\pool\plugins\org.eclipse.m2e.maven.runtime_3.9.900.20250220-2013\jars\maven-resolver-provider-3.9.9.jar
2025-10-25 11:49:19,691 [Worker-9: Launching mavenrun-3e238c87-bdae-4331-84e2-deaf92331524] INFO  o.eclipse.m2e.core.internal.Bundles - 	Entry: C:\Users\AI\.p2\pool\plugins\org.eclipse.m2e.maven.runtime_3.9.900.20250220-2013\jars\maven-resolver-spi-1.9.22.jar
2025-10-25 11:49:19,691 [Worker-9: Launching mavenrun-3e238c87-bdae-4331-84e2-deaf92331524] INFO  o.eclipse.m2e.core.internal.Bundles - 	Entry: C:\Users\AI\.p2\pool\plugins\org.eclipse.m2e.maven.runtime_3.9.900.20250220-2013\jars\maven-resolver-transport-file-1.9.22.jar
2025-10-25 11:49:19,692 [Worker-9: Launching mavenrun-3e238c87-bdae-4331-84e2-deaf92331524] INFO  o.eclipse.m2e.core.internal.Bundles - 	Entry: C:\Users\AI\.p2\pool\plugins\org.eclipse.m2e.maven.runtime_3.9.900.20250220-2013\jars\maven-resolver-transport-http-1.9.22.jar
2025-10-25 11:49:19,692 [Worker-9: Launching mavenrun-3e238c87-bdae-4331-84e2-deaf92331524] INFO  o.eclipse.m2e.core.internal.Bundles - 	Entry: C:\Users\AI\.p2\pool\plugins\org.eclipse.m2e.maven.runtime_3.9.900.20250220-2013\jars\maven-resolver-transport-wagon-1.9.22.jar
2025-10-25 11:49:19,692 [Worker-9: Launching mavenrun-3e238c87-bdae-4331-84e2-deaf92331524] INFO  o.eclipse.m2e.core.internal.Bundles - 	Entry: C:\Users\AI\.p2\pool\plugins\org.eclipse.m2e.maven.runtime_3.9.900.20250220-2013\jars\maven-resolver-util-1.9.22.jar
2025-10-25 11:49:19,692 [Worker-9: Launching mavenrun-3e238c87-bdae-4331-84e2-deaf92331524] INFO  o.eclipse.m2e.core.internal.Bundles - 	Entry: C:\Users\AI\.p2\pool\plugins\org.eclipse.m2e.maven.runtime_3.9.900.20250220-2013\jars\maven-settings-3.9.9.jar
2025-10-25 11:49:19,692 [Worker-9: Launching mavenrun-3e238c87-bdae-4331-84e2-deaf92331524] INFO  o.eclipse.m2e.core.internal.Bundles - 	Entry: C:\Users\AI\.p2\pool\plugins\org.eclipse.m2e.maven.runtime_3.9.900.20250220-2013\jars\maven-settings-builder-3.9.9.jar
2025-10-25 11:49:19,693 [Worker-9: Launching mavenrun-3e238c87-bdae-4331-84e2-deaf92331524] INFO  o.eclipse.m2e.core.internal.Bundles - 	Entry: C:\Users\AI\.p2\pool\plugins\org.eclipse.m2e.maven.runtime_3.9.900.20250220-2013\jars\maven-shared-utils-3.4.2.jar
2025-10-25 11:49:19,693 [Worker-9: Launching mavenrun-3e238c87-bdae-4331-84e2-deaf92331524] INFO  o.eclipse.m2e.core.internal.Bundles - 	Entry: C:\Users\AI\.p2\pool\plugins\org.eclipse.m2e.maven.runtime_3.9.900.20250220-2013\jars\org.eclipse.sisu.inject-0.9.0.M3.jar
2025-10-25 11:49:19,693 [Worker-9: Launching mavenrun-3e238c87-bdae-4331-84e2-deaf92331524] INFO  o.eclipse.m2e.core.internal.Bundles - 	Entry: C:\Users\AI\.p2\pool\plugins\org.eclipse.m2e.maven.runtime_3.9.900.20250220-2013\jars\org.eclipse.sisu.plexus-0.9.0.M3.jar
2025-10-25 11:49:19,693 [Worker-9: Launching mavenrun-3e238c87-bdae-4331-84e2-deaf92331524] INFO  o.eclipse.m2e.core.internal.Bundles - 	Entry: C:\Users\AI\.p2\pool\plugins\org.eclipse.m2e.maven.runtime_3.9.900.20250220-2013\jars\plexus-build-api-0.0.7.jar
2025-10-25 11:49:19,694 [Worker-9: Launching mavenrun-3e238c87-bdae-4331-84e2-deaf92331524] INFO  o.eclipse.m2e.core.internal.Bundles - 	Entry: C:\Users\AI\.p2\pool\plugins\org.eclipse.m2e.maven.runtime_3.9.900.20250220-2013\jars\plexus-build-api-1.2.0.jar
2025-10-25 11:49:19,694 [Worker-9: Launching mavenrun-3e238c87-bdae-4331-84e2-deaf92331524] INFO  o.eclipse.m2e.core.internal.Bundles - 	Entry: C:\Users\AI\.p2\pool\plugins\org.eclipse.m2e.maven.runtime_3.9.900.20250220-2013\jars\plexus-cipher-2.0.jar
2025-10-25 11:49:19,694 [Worker-9: Launching mavenrun-3e238c87-bdae-4331-84e2-deaf92331524] INFO  o.eclipse.m2e.core.internal.Bundles - 	Entry: C:\Users\AI\.p2\pool\plugins\org.eclipse.m2e.maven.runtime_3.9.900.20250220-2013\jars\plexus-classworlds-2.8.0.jar
2025-10-25 11:49:19,694 [Worker-9: Launching mavenrun-3e238c87-bdae-4331-84e2-deaf92331524] INFO  o.eclipse.m2e.core.internal.Bundles - 	Entry: C:\Users\AI\.p2\pool\plugins\org.eclipse.m2e.maven.runtime_3.9.900.20250220-2013\jars\plexus-component-annotations-2.1.0.jar
2025-10-25 11:49:19,694 [Worker-9: Launching mavenrun-3e238c87-bdae-4331-84e2-deaf92331524] INFO  o.eclipse.m2e.core.internal.Bundles - 	Entry: C:\Users\AI\.p2\pool\plugins\org.eclipse.m2e.maven.runtime_3.9.900.20250220-2013\jars\plexus-interpolation-1.27.jar
2025-10-25 11:49:19,695 [Worker-9: Launching mavenrun-3e238c87-bdae-4331-84e2-deaf92331524] INFO  o.eclipse.m2e.core.internal.Bundles - 	Entry: C:\Users\AI\.p2\pool\plugins\org.eclipse.m2e.maven.runtime_3.9.900.20250220-2013\jars\plexus-sec-dispatcher-2.0.jar
2025-10-25 11:49:19,695 [Worker-9: Launching mavenrun-3e238c87-bdae-4331-84e2-deaf92331524] INFO  o.eclipse.m2e.core.internal.Bundles - 	Entry: C:\Users\AI\.p2\pool\plugins\org.eclipse.m2e.maven.runtime_3.9.900.20250220-2013\jars\plexus-utils-3.5.1.jar
2025-10-25 11:49:19,695 [Worker-9: Launching mavenrun-3e238c87-bdae-4331-84e2-deaf92331524] INFO  o.eclipse.m2e.core.internal.Bundles - 	Entry: C:\Users\AI\.p2\pool\plugins\org.eclipse.m2e.maven.runtime_3.9.900.20250220-2013\jars\plexus-xml-3.0.1.jar
2025-10-25 11:49:19,695 [Worker-9: Launching mavenrun-3e238c87-bdae-4331-84e2-deaf92331524] INFO  o.eclipse.m2e.core.internal.Bundles - 	Entry: C:\Users\AI\.p2\pool\plugins\org.eclipse.m2e.maven.runtime_3.9.900.20250220-2013\jars\wagon-file-3.5.3.jar
2025-10-25 11:49:19,695 [Worker-9: Launching mavenrun-3e238c87-bdae-4331-84e2-deaf92331524] INFO  o.eclipse.m2e.core.internal.Bundles - 	Entry: C:\Users\AI\.p2\pool\plugins\org.eclipse.m2e.maven.runtime_3.9.900.20250220-2013\jars\wagon-http-3.5.3.jar
2025-10-25 11:49:19,696 [Worker-9: Launching mavenrun-3e238c87-bdae-4331-84e2-deaf92331524] INFO  o.eclipse.m2e.core.internal.Bundles - 	Entry: C:\Users\AI\.p2\pool\plugins\org.eclipse.m2e.maven.runtime_3.9.900.20250220-2013\jars\wagon-http-shared-3.5.3.jar
2025-10-25 11:49:19,696 [Worker-9: Launching mavenrun-3e238c87-bdae-4331-84e2-deaf92331524] INFO  o.eclipse.m2e.core.internal.Bundles - 	Entry: C:\Users\AI\.p2\pool\plugins\org.eclipse.m2e.maven.runtime_3.9.900.20250220-2013\jars\wagon-provider-api-3.5.3.jar
2025-10-25 11:49:19,698 [Worker-9: Launching mavenrun-3e238c87-bdae-4331-84e2-deaf92331524] INFO  o.eclipse.m2e.core.internal.Bundles - getClasspathEntries(Bundle=com.google.guava_33.4.0.jre [12])
2025-10-25 11:49:19,698 [Worker-9: Launching mavenrun-3e238c87-bdae-4331-84e2-deaf92331524] INFO  o.eclipse.m2e.core.internal.Bundles - 	Entry: C:\Users\AI\.p2\pool\plugins\com.google.guava_33.4.0.jre.jar
2025-10-25 11:49:19,698 [Worker-9: Launching mavenrun-3e238c87-bdae-4331-84e2-deaf92331524] INFO  o.eclipse.m2e.core.internal.Bundles - getClasspathEntries(Bundle=slf4j.api_2.0.16 [522])
2025-10-25 11:49:19,699 [Worker-9: Launching mavenrun-3e238c87-bdae-4331-84e2-deaf92331524] INFO  o.eclipse.m2e.core.internal.Bundles - 	Entry: C:\Users\AI\.p2\pool\plugins\slf4j.api_2.0.16.jar
2025-10-25 11:49:19,699 [Worker-9: Launching mavenrun-3e238c87-bdae-4331-84e2-deaf92331524] INFO  o.eclipse.m2e.core.internal.Bundles - getClasspathEntries(Bundle=jakarta.inject.jakarta.inject-api_1.0.5 [24])
2025-10-25 11:49:19,700 [Worker-9: Launching mavenrun-3e238c87-bdae-4331-84e2-deaf92331524] INFO  o.eclipse.m2e.core.internal.Bundles - 	Entry: C:\Users\AI\.p2\pool\plugins\jakarta.inject.jakarta.inject-api_1.0.5.jar
2025-10-25 11:49:19,700 [Worker-9: Launching mavenrun-3e238c87-bdae-4331-84e2-deaf92331524] INFO  o.eclipse.m2e.core.internal.Bundles - getClasspathEntries(Bundle=jakarta.annotation-api_1.3.5 [22])
2025-10-25 11:49:19,701 [Worker-9: Launching mavenrun-3e238c87-bdae-4331-84e2-deaf92331524] INFO  o.eclipse.m2e.core.internal.Bundles - 	Entry: C:\Users\AI\.p2\pool\plugins\jakarta.annotation-api_1.3.5.jar
2025-10-25 11:49:19,701 [Worker-9: Launching mavenrun-3e238c87-bdae-4331-84e2-deaf92331524] INFO  o.eclipse.m2e.core.internal.Bundles - getClasspathEntries(Bundle=org.apache.commons.cli_1.9.0 [48])
2025-10-25 11:49:19,702 [Worker-9: Launching mavenrun-3e238c87-bdae-4331-84e2-deaf92331524] INFO  o.eclipse.m2e.core.internal.Bundles - 	Entry: C:\Users\AI\.p2\pool\plugins\org.apache.commons.cli_1.9.0.jar
2025-10-25 11:49:19,702 [Worker-9: Launching mavenrun-3e238c87-bdae-4331-84e2-deaf92331524] INFO  o.eclipse.m2e.core.internal.Bundles - getClasspathEntries(Bundle=org.apache.commons.commons-codec_1.16.0 [49])
2025-10-25 11:49:19,702 [Worker-9: Launching mavenrun-3e238c87-bdae-4331-84e2-deaf92331524] INFO  o.eclipse.m2e.core.internal.Bundles - 	Entry: C:\Users\AI\.p2\pool\plugins\org.apache.commons.commons-codec_1.16.0.jar
2025-10-25 11:49:19,702 [Worker-9: Launching mavenrun-3e238c87-bdae-4331-84e2-deaf92331524] INFO  o.eclipse.m2e.core.internal.Bundles - getClasspathEntries(Bundle=com.google.guava.failureaccess_1.0.2 [13])
2025-10-25 11:49:19,703 [Worker-9: Launching mavenrun-3e238c87-bdae-4331-84e2-deaf92331524] INFO  o.eclipse.m2e.core.internal.Bundles - 	Entry: C:\Users\AI\.p2\pool\plugins\com.google.guava.failureaccess_1.0.2.jar
2025-10-25 11:49:19,707 [Worker-9: Launching mavenrun-3e238c87-bdae-4331-84e2-deaf92331524] INFO  o.e.m.i.launch.MavenLaunchDelegate - Run build in "C:\Users\AI\AppData\Local\Temp\m2e-archetypeGenerator11864334266092598293":
2025-10-25 11:49:19,712 [Worker-9: Launching mavenrun-3e238c87-bdae-4331-84e2-deaf92331524] INFO  o.e.m.i.launch.MavenLaunchDelegate -  mvn  -DarchetypeGroupId=org.apache.maven.archetypes -DarchetypeArtifactId=maven-archetype-quickstart -DarchetypeVersion=1.1 -DgroupId=org.maven -DartifactId=maven -Dversion=0.0.1-SNAPSHOT -Dpackage=jar -DoutputDirectory=F:\abish -Dstyle.color=always -U archetype:generate
2025-10-25 14:30:18,692 [Worker-15: Creating project "Light"] INFO  o.e.m.c.i.l.LifecycleMappingFactory - Using org.eclipse.m2e.jdt.JarLifecycleMapping lifecycle mapping for MavenProject: com.light:Light:0.0.1-SNAPSHOT @ F:\abish\Light\pom.xml.
2025-10-25 14:30:21,945 [Worker-15: Creating project "Light"] INFO  o.e.m.j.i.AbstractJavaProjectConfigurator - Adding source folder /Light/src/main/java
2025-10-25 14:30:21,949 [Worker-15: Creating project "Light"] INFO  o.e.m.j.i.AbstractJavaProjectConfigurator - Adding resource folder /Light/src/main/resources
2025-10-25 14:30:21,951 [Worker-15: Creating project "Light"] INFO  o.e.m.j.i.AbstractJavaProjectConfigurator - Adding source folder /Light/src/test/java
2025-10-25 14:30:21,952 [Worker-15: Creating project "Light"] INFO  o.e.m.j.i.AbstractJavaProjectConfigurator - Adding resource folder /Light/src/test/resources
2025-10-25 14:30:23,839 [Worker-0: Building] WARN  o.a.m.s.f.DefaultMavenResourcesFiltering - Using platform encoding (UTF-8 actually) to copy filtered resources, i.e. build is platform dependent!
2025-10-25 14:30:23,847 [Worker-0: Building] INFO  o.a.m.s.f.DefaultMavenResourcesFiltering - Copying 0 resource from src\main\resources to target\classes
2025-10-25 14:30:23,860 [Worker-0: Building] WARN  o.a.m.s.f.DefaultMavenResourcesFiltering - Using platform encoding (UTF-8 actually) to copy filtered resources, i.e. build is platform dependent!
2025-10-25 14:30:23,862 [Worker-0: Building] INFO  o.a.m.s.f.DefaultMavenResourcesFiltering - Copying 0 resource from src\test\resources to target\test-classes
2025-10-25 14:30:28,525 [Worker-15: Loading available Gradle versions] INFO  o.e.b.c.i.u.g.PublishedGradleVersions - Gradle version information cache is up-to-date. Trying to read.
2025-10-25 14:30:49,428 [Worker-9: Building] WARN  o.a.m.s.f.DefaultMavenResourcesFiltering - Using platform encoding (UTF-8 actually) to copy filtered resources, i.e. build is platform dependent!
2025-10-25 14:30:49,434 [Worker-9: Building] INFO  o.a.m.s.f.DefaultMavenResourcesFiltering - Copying 0 resource from src\main\resources to target\classes
2025-10-25 14:30:49,439 [Worker-9: Building] WARN  o.a.m.s.f.DefaultMavenResourcesFiltering - Using platform encoding (UTF-8 actually) to copy filtered resources, i.e. build is platform dependent!
2025-10-25 14:30:49,441 [Worker-9: Building] INFO  o.a.m.s.f.DefaultMavenResourcesFiltering - Copying 0 resource from src\test\resources to target\test-classes
2025-10-25 14:40:16,914 [Worker-5: Launching IsPrime] WARN  o.a.m.s.f.DefaultMavenResourcesFiltering - Using platform encoding (UTF-8 actually) to copy filtered resources, i.e. build is platform dependent!
2025-10-25 14:40:16,916 [Worker-5: Launching IsPrime] INFO  o.a.m.s.f.DefaultMavenResourcesFiltering - Copying 0 resource from src\main\resources to target\classes
2025-10-25 14:40:16,920 [Worker-5: Launching IsPrime] WARN  o.a.m.s.f.DefaultMavenResourcesFiltering - Using platform encoding (UTF-8 actually) to copy filtered resources, i.e. build is platform dependent!
2025-10-25 14:40:16,921 [Worker-5: Launching IsPrime] INFO  o.a.m.s.f.DefaultMavenResourcesFiltering - Copying 0 resource from src\test\resources to target\test-classes
2025-10-25 14:40:35,895 [Worker-0: Launching IsPrime] WARN  o.a.m.s.f.DefaultMavenResourcesFiltering - Using platform encoding (UTF-8 actually) to copy filtered resources, i.e. build is platform dependent!
2025-10-25 14:40:35,896 [Worker-0: Launching IsPrime] INFO  o.a.m.s.f.DefaultMavenResourcesFiltering - Copying 0 resource from src\main\resources to target\classes
2025-10-25 14:40:35,899 [Worker-0: Launching IsPrime] WARN  o.a.m.s.f.DefaultMavenResourcesFiltering - Using platform encoding (UTF-8 actually) to copy filtered resources, i.e. build is platform dependent!
2025-10-25 14:40:35,900 [Worker-0: Launching IsPrime] INFO  o.a.m.s.f.DefaultMavenResourcesFiltering - Copying 0 resource from src\test\resources to target\test-classes
2025-10-25 14:41:00,359 [Worker-22: Launching IsPrime] WARN  o.a.m.s.f.DefaultMavenResourcesFiltering - Using platform encoding (UTF-8 actually) to copy filtered resources, i.e. build is platform dependent!
2025-10-25 14:41:00,361 [Worker-22: Launching IsPrime] INFO  o.a.m.s.f.DefaultMavenResourcesFiltering - Copying 0 resource from src\main\resources to target\classes
2025-10-25 14:41:00,364 [Worker-22: Launching IsPrime] WARN  o.a.m.s.f.DefaultMavenResourcesFiltering - Using platform encoding (UTF-8 actually) to copy filtered resources, i.e. build is platform dependent!
2025-10-25 14:41:00,365 [Worker-22: Launching IsPrime] INFO  o.a.m.s.f.DefaultMavenResourcesFiltering - Copying 0 resource from src\test\resources to target\test-classes
2025-10-25 14:47:27,046 [Worker-14: Building] INFO  o.e.m.c.i.l.LifecycleMappingFactory - Using org.eclipse.m2e.jdt.JarLifecycleMapping lifecycle mapping for MavenProject: com.light:Light:0.0.1-SNAPSHOT @ F:\abish\Light\pom.xml.
2025-10-25 14:47:27,435 [Worker-14: Building] INFO  o.e.m.c.i.e.AbstractTransferListenerAdapter - Downloading https://repo.maven.apache.org/maven2/org/junit/jupiter/junit-jupiter-api/5.10.0/junit-jupiter-api-5.10.0.pom
2025-10-25 14:47:27,472 [Worker-14: Building] INFO  o.e.m.c.i.e.AbstractTransferListenerAdapter - Downloaded https://repo.maven.apache.org/maven2/org/junit/jupiter/junit-jupiter-api/5.10.0/junit-jupiter-api-5.10.0.pom
2025-10-25 14:47:27,539 [Worker-14: Building] INFO  o.e.m.c.i.e.AbstractTransferListenerAdapter - Downloading https://repo.maven.apache.org/maven2/org/junit/platform/junit-platform-commons/1.10.0/junit-platform-commons-1.10.0.pom
2025-10-25 14:47:27,568 [Worker-14: Building] INFO  o.e.m.c.i.e.AbstractTransferListenerAdapter - Downloaded https://repo.maven.apache.org/maven2/org/junit/platform/junit-platform-commons/1.10.0/junit-platform-commons-1.10.0.pom
2025-10-25 14:47:27,742 [Worker-14: Building] INFO  o.e.m.c.i.e.AbstractTransferListenerAdapter - Downloading https://repo.maven.apache.org/maven2/org/junit/jupiter/junit-jupiter-engine/5.13.0-M3/junit-jupiter-engine-5.13.0-M3.pom
2025-10-25 14:47:27,816 [Worker-14: Building] INFO  o.e.m.c.i.e.AbstractTransferListenerAdapter - Downloaded https://repo.maven.apache.org/maven2/org/junit/jupiter/junit-jupiter-engine/5.13.0-M3/junit-jupiter-engine-5.13.0-M3.pom
2025-10-25 14:47:27,886 [Worker-14: Building] INFO  o.e.m.c.i.e.AbstractTransferListenerAdapter - Downloading https://repo.maven.apache.org/maven2/org/junit/junit-bom/5.13.0-M3/junit-bom-5.13.0-M3.pom
2025-10-25 14:47:27,933 [Worker-14: Building] INFO  o.e.m.c.i.e.AbstractTransferListenerAdapter - Downloaded https://repo.maven.apache.org/maven2/org/junit/junit-bom/5.13.0-M3/junit-bom-5.13.0-M3.pom
2025-10-25 14:47:27,991 [Worker-14: Building] INFO  o.e.m.c.i.e.AbstractTransferListenerAdapter - Downloading https://repo.maven.apache.org/maven2/org/junit/platform/junit-platform-engine/1.13.0-M3/junit-platform-engine-1.13.0-M3.pom
2025-10-25 14:47:28,028 [Worker-14: Building] INFO  o.e.m.c.i.e.AbstractTransferListenerAdapter - Downloaded https://repo.maven.apache.org/maven2/org/junit/platform/junit-platform-engine/1.13.0-M3/junit-platform-engine-1.13.0-M3.pom
2025-10-25 14:47:28,095 [Worker-14: Building] INFO  o.e.m.c.i.e.AbstractTransferListenerAdapter - Downloading https://repo.maven.apache.org/maven2/org/junit/platform/junit-platform-commons/1.13.0-M3/junit-platform-commons-1.13.0-M3.pom
2025-10-25 14:47:28,133 [Worker-14: Building] INFO  o.e.m.c.i.e.AbstractTransferListenerAdapter - Downloaded https://repo.maven.apache.org/maven2/org/junit/platform/junit-platform-commons/1.13.0-M3/junit-platform-commons-1.13.0-M3.pom
2025-10-25 14:47:28,190 [Worker-14: Building] INFO  o.e.m.c.i.e.AbstractTransferListenerAdapter - Downloading https://repo.maven.apache.org/maven2/org/junit/jupiter/junit-jupiter-api/5.13.0-M3/junit-jupiter-api-5.13.0-M3.pom
2025-10-25 14:47:28,216 [Worker-14: Building] INFO  o.e.m.c.i.e.AbstractTransferListenerAdapter - Downloaded https://repo.maven.apache.org/maven2/org/junit/jupiter/junit-jupiter-api/5.13.0-M3/junit-jupiter-api-5.13.0-M3.pom
2025-10-25 14:47:28,287 [Worker-14: Building] INFO  o.e.m.c.i.e.AbstractTransferListenerAdapter - Downloading https://repo.maven.apache.org/maven2/org/junit/jupiter/junit-jupiter-api/5.10.0/junit-jupiter-api-5.10.0.jar
2025-10-25 14:47:28,349 [Worker-14: Building] INFO  o.e.m.c.i.e.AbstractTransferListenerAdapter - Downloaded https://repo.maven.apache.org/maven2/org/junit/jupiter/junit-jupiter-api/5.10.0/junit-jupiter-api-5.10.0.jar
2025-10-25 14:47:28,412 [BasicRepositoryConnector-repo.maven.apache.org-0-2] INFO  o.e.m.c.i.e.AbstractTransferListenerAdapter - Downloading https://repo.maven.apache.org/maven2/org/junit/platform/junit-platform-engine/1.13.0-M3/junit-platform-engine-1.13.0-M3.jar
2025-10-25 14:47:28,452 [BasicRepositoryConnector-repo.maven.apache.org-0-0] INFO  o.e.m.c.i.e.AbstractTransferListenerAdapter - Downloading https://repo.maven.apache.org/maven2/org/junit/platform/junit-platform-commons/1.10.0/junit-platform-commons-1.10.0.jar
2025-10-25 14:47:28,461 [BasicRepositoryConnector-repo.maven.apache.org-0-1] INFO  o.e.m.c.i.e.AbstractTransferListenerAdapter - Downloading https://repo.maven.apache.org/maven2/org/junit/jupiter/junit-jupiter-engine/5.13.0-M3/junit-jupiter-engine-5.13.0-M3.jar
2025-10-25 14:47:28,483 [BasicRepositoryConnector-repo.maven.apache.org-0-2] INFO  o.e.m.c.i.e.AbstractTransferListenerAdapter - Downloaded https://repo.maven.apache.org/maven2/org/junit/platform/junit-platform-engine/1.13.0-M3/junit-platform-engine-1.13.0-M3.jar
2025-10-25 14:47:28,508 [BasicRepositoryConnector-repo.maven.apache.org-0-0] INFO  o.e.m.c.i.e.AbstractTransferListenerAdapter - Downloaded https://repo.maven.apache.org/maven2/org/junit/platform/junit-platform-commons/1.10.0/junit-platform-commons-1.10.0.jar
2025-10-25 14:47:28,538 [BasicRepositoryConnector-repo.maven.apache.org-0-1] INFO  o.e.m.c.i.e.AbstractTransferListenerAdapter - Downloaded https://repo.maven.apache.org/maven2/org/junit/jupiter/junit-jupiter-engine/5.13.0-M3/junit-jupiter-engine-5.13.0-M3.jar
2025-10-25 14:47:29,187 [Worker-14: Building] WARN  o.a.m.s.f.DefaultMavenResourcesFiltering - Using platform encoding (UTF-8 actually) to copy filtered resources, i.e. build is platform dependent!
2025-10-25 14:47:29,190 [Worker-14: Building] INFO  o.a.m.s.f.DefaultMavenResourcesFiltering - Copying 0 resource from src\main\resources to target\classes
2025-10-25 14:47:29,194 [Worker-14: Building] WARN  o.a.m.s.f.DefaultMavenResourcesFiltering - Using platform encoding (UTF-8 actually) to copy filtered resources, i.e. build is platform dependent!
2025-10-25 14:47:29,195 [Worker-14: Building] INFO  o.a.m.s.f.DefaultMavenResourcesFiltering - Copying 0 resource from src\test\resources to target\test-classes
2025-10-25 14:47:29,721 [Worker-7: Download sources and javadoc] INFO  o.e.m.c.i.e.AbstractTransferListenerAdapter - Downloading https://repo.maven.apache.org/maven2/org/junit/jupiter/junit-jupiter-api/5.10.0/junit-jupiter-api-5.10.0-sources.jar
2025-10-25 14:47:29,785 [Worker-7: Download sources and javadoc] INFO  o.e.m.c.i.e.AbstractTransferListenerAdapter - Downloaded https://repo.maven.apache.org/maven2/org/junit/jupiter/junit-jupiter-api/5.10.0/junit-jupiter-api-5.10.0-sources.jar
2025-10-25 14:47:29,792 [Worker-7: Download sources and javadoc] INFO  o.e.m.j.internal.DownloadSourcesJob - Downloaded sources for org.junit.jupiter:junit-jupiter-api:5.10.0
2025-10-25 14:47:29,884 [Worker-7: Download sources and javadoc] INFO  o.e.m.c.i.e.AbstractTransferListenerAdapter - Downloading https://repo.maven.apache.org/maven2/org/opentest4j/opentest4j/1.3.0/opentest4j-1.3.0-sources.jar
2025-10-25 14:47:30,101 [Worker-7: Download sources and javadoc] INFO  o.e.m.c.i.e.AbstractTransferListenerAdapter - Downloaded https://repo.maven.apache.org/maven2/org/opentest4j/opentest4j/1.3.0/opentest4j-1.3.0-sources.jar
2025-10-25 14:47:30,107 [Worker-7: Download sources and javadoc] INFO  o.e.m.j.internal.DownloadSourcesJob - Downloaded sources for org.opentest4j:opentest4j:1.3.0
2025-10-25 14:47:30,276 [Worker-7: Download sources and javadoc] INFO  o.e.m.c.i.e.AbstractTransferListenerAdapter - Downloading https://repo.maven.apache.org/maven2/org/junit/platform/junit-platform-commons/1.10.0/junit-platform-commons-1.10.0-sources.jar
2025-10-25 14:47:30,357 [Worker-7: Download sources and javadoc] INFO  o.e.m.c.i.e.AbstractTransferListenerAdapter - Downloaded https://repo.maven.apache.org/maven2/org/junit/platform/junit-platform-commons/1.10.0/junit-platform-commons-1.10.0-sources.jar
2025-10-25 14:47:30,364 [Worker-7: Download sources and javadoc] INFO  o.e.m.j.internal.DownloadSourcesJob - Downloaded sources for org.junit.platform:junit-platform-commons:1.10.0
2025-10-25 14:47:30,473 [Worker-7: Download sources and javadoc] INFO  o.e.m.c.i.e.AbstractTransferListenerAdapter - Downloading https://repo.maven.apache.org/maven2/org/apiguardian/apiguardian-api/1.1.2/apiguardian-api-1.1.2-sources.jar
2025-10-25 14:47:30,576 [Worker-7: Download sources and javadoc] INFO  o.e.m.c.i.e.AbstractTransferListenerAdapter - Downloaded https://repo.maven.apache.org/maven2/org/apiguardian/apiguardian-api/1.1.2/apiguardian-api-1.1.2-sources.jar
2025-10-25 14:47:30,581 [Worker-7: Download sources and javadoc] INFO  o.e.m.j.internal.DownloadSourcesJob - Downloaded sources for org.apiguardian:apiguardian-api:1.1.2
2025-10-25 14:47:31,227 [Worker-7: Download sources and javadoc] INFO  o.e.m.c.i.e.AbstractTransferListenerAdapter - Downloading https://repo.maven.apache.org/maven2/org/junit/jupiter/junit-jupiter-engine/5.13.0-M3/junit-jupiter-engine-5.13.0-M3-sources.jar
2025-10-25 14:47:31,295 [Worker-7: Download sources and javadoc] INFO  o.e.m.c.i.e.AbstractTransferListenerAdapter - Downloaded https://repo.maven.apache.org/maven2/org/junit/jupiter/junit-jupiter-engine/5.13.0-M3/junit-jupiter-engine-5.13.0-M3-sources.jar
2025-10-25 14:47:31,300 [Worker-7: Download sources and javadoc] INFO  o.e.m.j.internal.DownloadSourcesJob - Downloaded sources for org.junit.jupiter:junit-jupiter-engine:5.13.0-M3
2025-10-25 14:47:31,804 [Worker-7: Download sources and javadoc] INFO  o.e.m.c.i.e.AbstractTransferListenerAdapter - Downloading https://repo.maven.apache.org/maven2/org/junit/platform/junit-platform-engine/1.13.0-M3/junit-platform-engine-1.13.0-M3-sources.jar
2025-10-25 14:47:31,864 [Worker-7: Download sources and javadoc] INFO  o.e.m.c.i.e.AbstractTransferListenerAdapter - Downloaded https://repo.maven.apache.org/maven2/org/junit/platform/junit-platform-engine/1.13.0-M3/junit-platform-engine-1.13.0-M3-sources.jar
2025-10-25 14:47:31,869 [Worker-7: Download sources and javadoc] INFO  o.e.m.j.internal.DownloadSourcesJob - Downloaded sources for org.junit.platform:junit-platform-engine:1.13.0-M3
2025-10-25 14:47:32,115 [Worker-15: Building] WARN  o.a.m.s.f.DefaultMavenResourcesFiltering - Using platform encoding (UTF-8 actually) to copy filtered resources, i.e. build is platform dependent!
2025-10-25 14:47:32,116 [Worker-15: Building] INFO  o.a.m.s.f.DefaultMavenResourcesFiltering - Copying 0 resource from src\main\resources to target\classes
2025-10-25 14:47:32,119 [Worker-15: Building] WARN  o.a.m.s.f.DefaultMavenResourcesFiltering - Using platform encoding (UTF-8 actually) to copy filtered resources, i.e. build is platform dependent!
2025-10-25 14:47:32,120 [Worker-15: Building] INFO  o.a.m.s.f.DefaultMavenResourcesFiltering - Copying 0 resource from src\test\resources to target\test-classes
2025-10-25 14:47:53,914 [Worker-12: Building] WARN  o.a.m.s.f.DefaultMavenResourcesFiltering - Using platform encoding (UTF-8 actually) to copy filtered resources, i.e. build is platform dependent!
2025-10-25 14:47:53,916 [Worker-12: Building] INFO  o.a.m.s.f.DefaultMavenResourcesFiltering - Copying 0 resource from src\main\resources to target\classes
2025-10-25 14:47:53,920 [Worker-12: Building] WARN  o.a.m.s.f.DefaultMavenResourcesFiltering - Using platform encoding (UTF-8 actually) to copy filtered resources, i.e. build is platform dependent!
2025-10-25 14:47:53,922 [Worker-12: Building] INFO  o.a.m.s.f.DefaultMavenResourcesFiltering - Copying 0 resource from src\test\resources to target\test-classes
2025-10-25 14:50:40,578 [main] INFO  o.e.m.jdt.internal.UnitTestSupport - Updating PrimeTest from maven configuration
2025-10-25 14:50:43,779 [Worker-10: Launching PrimeTest] WARN  o.a.m.s.f.DefaultMavenResourcesFiltering - Using platform encoding (UTF-8 actually) to copy filtered resources, i.e. build is platform dependent!
2025-10-25 14:50:43,780 [Worker-10: Launching PrimeTest] INFO  o.a.m.s.f.DefaultMavenResourcesFiltering - Copying 0 resource from src\main\resources to target\classes
2025-10-25 14:50:43,785 [Worker-10: Launching PrimeTest] WARN  o.a.m.s.f.DefaultMavenResourcesFiltering - Using platform encoding (UTF-8 actually) to copy filtered resources, i.e. build is platform dependent!
2025-10-25 14:50:43,787 [Worker-10: Launching PrimeTest] INFO  o.a.m.s.f.DefaultMavenResourcesFiltering - Copying 0 resource from src\test\resources to target\test-classes
2025-10-25 14:50:43,966 [Worker-10: Launching PrimeTest] INFO  o.e.m.c.i.e.AbstractTransferListenerAdapter - Downloading https://repo.maven.apache.org/maven2/org/junit/platform/junit-platform-launcher/1.10.0/junit-platform-launcher-1.10.0.jar
2025-10-25 14:50:44,027 [Worker-10: Launching PrimeTest] INFO  o.e.m.c.i.e.AbstractTransferListenerAdapter - Downloaded https://repo.maven.apache.org/maven2/org/junit/platform/junit-platform-launcher/1.10.0/junit-platform-launcher-1.10.0.jar
2025-10-25 14:51:49,454 [Worker-2: Building] INFO  o.e.m.c.i.l.LifecycleMappingFactory - Using org.eclipse.m2e.jdt.JarLifecycleMapping lifecycle mapping for MavenProject: com.light:Light:0.0.1-SNAPSHOT @ F:\abish\Light\pom.xml.
2025-10-25 14:51:49,591 [Worker-2: Building] INFO  o.e.m.c.i.e.AbstractTransferListenerAdapter - Downloading https://repo.maven.apache.org/maven2/org/junit/jupiter/junit-jupiter-api/5.13.0-M3/junit-jupiter-api-5.13.0-M3.jar
2025-10-25 14:51:49,671 [Worker-2: Building] INFO  o.e.m.c.i.e.AbstractTransferListenerAdapter - Downloaded https://repo.maven.apache.org/maven2/org/junit/jupiter/junit-jupiter-api/5.13.0-M3/junit-jupiter-api-5.13.0-M3.jar
2025-10-25 14:51:49,734 [BasicRepositoryConnector-repo.maven.apache.org-1-0] INFO  o.e.m.c.i.e.AbstractTransferListenerAdapter - Downloading https://repo.maven.apache.org/maven2/org/junit/platform/junit-platform-commons/1.13.0-M3/junit-platform-commons-1.13.0-M3.jar
2025-10-25 14:51:49,788 [BasicRepositoryConnector-repo.maven.apache.org-1-0] INFO  o.e.m.c.i.e.AbstractTransferListenerAdapter - Downloaded https://repo.maven.apache.org/maven2/org/junit/platform/junit-platform-commons/1.13.0-M3/junit-platform-commons-1.13.0-M3.jar
2025-10-25 14:51:49,904 [Worker-2: Building] WARN  o.a.m.s.f.DefaultMavenResourcesFiltering - Using platform encoding (UTF-8 actually) to copy filtered resources, i.e. build is platform dependent!
2025-10-25 14:51:49,906 [Worker-2: Building] INFO  o.a.m.s.f.DefaultMavenResourcesFiltering - Copying 0 resource from src\main\resources to target\classes
2025-10-25 14:51:49,912 [Worker-2: Building] WARN  o.a.m.s.f.DefaultMavenResourcesFiltering - Using platform encoding (UTF-8 actually) to copy filtered resources, i.e. build is platform dependent!
2025-10-25 14:51:49,913 [Worker-2: Building] INFO  o.a.m.s.f.DefaultMavenResourcesFiltering - Copying 0 resource from src\test\resources to target\test-classes
2025-10-25 14:51:51,260 [Worker-10: Building] WARN  o.a.m.s.f.DefaultMavenResourcesFiltering - Using platform encoding (UTF-8 actually) to copy filtered resources, i.e. build is platform dependent!
2025-10-25 14:51:51,260 [Worker-10: Building] INFO  o.a.m.s.f.DefaultMavenResourcesFiltering - Copying 0 resource from src\main\resources to target\classes
2025-10-25 14:51:51,262 [Worker-10: Building] WARN  o.a.m.s.f.DefaultMavenResourcesFiltering - Using platform encoding (UTF-8 actually) to copy filtered resources, i.e. build is platform dependent!
2025-10-25 14:51:51,263 [Worker-10: Building] INFO  o.a.m.s.f.DefaultMavenResourcesFiltering - Copying 0 resource from src\test\resources to target\test-classes
2025-10-25 14:51:53,712 [Worker-15: Download sources and javadoc] INFO  o.e.m.c.i.e.AbstractTransferListenerAdapter - Downloading https://repo.maven.apache.org/maven2/org/junit/jupiter/junit-jupiter-api/5.13.0-M3/junit-jupiter-api-5.13.0-M3-sources.jar
2025-10-25 14:51:53,776 [Worker-15: Download sources and javadoc] INFO  o.e.m.c.i.e.AbstractTransferListenerAdapter - Downloaded https://repo.maven.apache.org/maven2/org/junit/jupiter/junit-jupiter-api/5.13.0-M3/junit-jupiter-api-5.13.0-M3-sources.jar
2025-10-25 14:51:53,780 [Worker-15: Download sources and javadoc] INFO  o.e.m.j.internal.DownloadSourcesJob - Downloaded sources for org.junit.jupiter:junit-jupiter-api:5.13.0-M3
2025-10-25 14:51:54,360 [Worker-15: Download sources and javadoc] INFO  o.e.m.c.i.e.AbstractTransferListenerAdapter - Downloading https://repo.maven.apache.org/maven2/org/junit/platform/junit-platform-commons/1.13.0-M3/junit-platform-commons-1.13.0-M3-sources.jar
2025-10-25 14:51:54,403 [Worker-15: Download sources and javadoc] INFO  o.e.m.c.i.e.AbstractTransferListenerAdapter - Downloaded https://repo.maven.apache.org/maven2/org/junit/platform/junit-platform-commons/1.13.0-M3/junit-platform-commons-1.13.0-M3-sources.jar
2025-10-25 14:51:54,407 [Worker-15: Download sources and javadoc] INFO  o.e.m.j.internal.DownloadSourcesJob - Downloaded sources for org.junit.platform:junit-platform-commons:1.13.0-M3
2025-10-25 14:52:00,563 [Worker-9: Launching PrimeTest] INFO  o.e.m.c.i.e.AbstractTransferListenerAdapter - Downloading https://repo.maven.apache.org/maven2/org/junit/platform/junit-platform-launcher/1.13.0-M3/junit-platform-launcher-1.13.0-M3.jar
2025-10-25 14:52:00,635 [Worker-9: Launching PrimeTest] INFO  o.e.m.c.i.e.AbstractTransferListenerAdapter - Downloaded https://repo.maven.apache.org/maven2/org/junit/platform/junit-platform-launcher/1.13.0-M3/junit-platform-launcher-1.13.0-M3.jar
2025-10-25 14:52:30,724 [Worker-14: Building] INFO  o.e.m.c.i.l.LifecycleMappingFactory - Using org.eclipse.m2e.jdt.JarLifecycleMapping lifecycle mapping for MavenProject: com.light:Light:0.0.1-SNAPSHOT @ F:\abish\Light\pom.xml.
2025-10-25 14:52:30,854 [Worker-14: Building] INFO  o.e.m.c.i.e.AbstractTransferListenerAdapter - Downloading https://repo.maven.apache.org/maven2/org/junit/jupiter/junit-jupiter-engine/5.10.0/junit-jupiter-engine-5.10.0.pom
2025-10-25 14:52:30,882 [Worker-14: Building] INFO  o.e.m.c.i.e.AbstractTransferListenerAdapter - Downloaded https://repo.maven.apache.org/maven2/org/junit/jupiter/junit-jupiter-engine/5.10.0/junit-jupiter-engine-5.10.0.pom
2025-10-25 14:52:30,941 [Worker-14: Building] INFO  o.e.m.c.i.e.AbstractTransferListenerAdapter - Downloading https://repo.maven.apache.org/maven2/org/junit/platform/junit-platform-engine/1.10.0/junit-platform-engine-1.10.0.pom
2025-10-25 14:52:30,969 [Worker-14: Building] INFO  o.e.m.c.i.e.AbstractTransferListenerAdapter - Downloaded https://repo.maven.apache.org/maven2/org/junit/platform/junit-platform-engine/1.10.0/junit-platform-engine-1.10.0.pom
2025-10-25 14:52:31,031 [Worker-14: Building] INFO  o.e.m.c.i.e.AbstractTransferListenerAdapter - Downloading https://repo.maven.apache.org/maven2/org/junit/jupiter/junit-jupiter-engine/5.10.0/junit-jupiter-engine-5.10.0.jar
2025-10-25 14:52:31,109 [Worker-14: Building] INFO  o.e.m.c.i.e.AbstractTransferListenerAdapter - Downloaded https://repo.maven.apache.org/maven2/org/junit/jupiter/junit-jupiter-engine/5.10.0/junit-jupiter-engine-5.10.0.jar
2025-10-25 14:52:31,154 [BasicRepositoryConnector-repo.maven.apache.org-2-0] INFO  o.e.m.c.i.e.AbstractTransferListenerAdapter - Downloading https://repo.maven.apache.org/maven2/org/junit/platform/junit-platform-engine/1.10.0/junit-platform-engine-1.10.0.jar
2025-10-25 14:52:31,208 [BasicRepositoryConnector-repo.maven.apache.org-2-0] INFO  o.e.m.c.i.e.AbstractTransferListenerAdapter - Downloaded https://repo.maven.apache.org/maven2/org/junit/platform/junit-platform-engine/1.10.0/junit-platform-engine-1.10.0.jar
2025-10-25 14:52:31,308 [Worker-14: Building] WARN  o.a.m.s.f.DefaultMavenResourcesFiltering - Using platform encoding (UTF-8 actually) to copy filtered resources, i.e. build is platform dependent!
2025-10-25 14:52:31,310 [Worker-14: Building] INFO  o.a.m.s.f.DefaultMavenResourcesFiltering - Copying 0 resource from src\main\resources to target\classes
2025-10-25 14:52:31,313 [Worker-14: Building] WARN  o.a.m.s.f.DefaultMavenResourcesFiltering - Using platform encoding (UTF-8 actually) to copy filtered resources, i.e. build is platform dependent!
2025-10-25 14:52:31,313 [Worker-14: Building] INFO  o.a.m.s.f.DefaultMavenResourcesFiltering - Copying 0 resource from src\test\resources to target\test-classes
2025-10-25 14:52:32,356 [Worker-14: Download sources and javadoc] INFO  o.e.m.c.i.e.AbstractTransferListenerAdapter - Downloading https://repo.maven.apache.org/maven2/org/junit/jupiter/junit-jupiter-engine/5.10.0/junit-jupiter-engine-5.10.0-sources.jar
2025-10-25 14:52:32,428 [Worker-14: Download sources and javadoc] INFO  o.e.m.c.i.e.AbstractTransferListenerAdapter - Downloaded https://repo.maven.apache.org/maven2/org/junit/jupiter/junit-jupiter-engine/5.10.0/junit-jupiter-engine-5.10.0-sources.jar
2025-10-25 14:52:32,434 [Worker-14: Download sources and javadoc] INFO  o.e.m.j.internal.DownloadSourcesJob - Downloaded sources for org.junit.jupiter:junit-jupiter-engine:5.10.0
2025-10-25 14:52:32,547 [Worker-14: Download sources and javadoc] INFO  o.e.m.c.i.e.AbstractTransferListenerAdapter - Downloading https://repo.maven.apache.org/maven2/org/junit/platform/junit-platform-engine/1.10.0/junit-platform-engine-1.10.0-sources.jar
2025-10-25 14:52:32,629 [Worker-14: Download sources and javadoc] INFO  o.e.m.c.i.e.AbstractTransferListenerAdapter - Downloaded https://repo.maven.apache.org/maven2/org/junit/platform/junit-platform-engine/1.10.0/junit-platform-engine-1.10.0-sources.jar
2025-10-25 14:52:32,635 [Worker-14: Download sources and javadoc] INFO  o.e.m.j.internal.DownloadSourcesJob - Downloaded sources for org.junit.platform:junit-platform-engine:1.10.0
2025-10-25 14:52:32,776 [Worker-12: Building] WARN  o.a.m.s.f.DefaultMavenResourcesFiltering - Using platform encoding (UTF-8 actually) to copy filtered resources, i.e. build is platform dependent!
2025-10-25 14:52:32,777 [Worker-12: Building] INFO  o.a.m.s.f.DefaultMavenResourcesFiltering - Copying 0 resource from src\main\resources to target\classes
2025-10-25 14:52:32,779 [Worker-12: Building] WARN  o.a.m.s.f.DefaultMavenResourcesFiltering - Using platform encoding (UTF-8 actually) to copy filtered resources, i.e. build is platform dependent!
2025-10-25 14:52:32,779 [Worker-12: Building] INFO  o.a.m.s.f.DefaultMavenResourcesFiltering - Copying 0 resource from src\test\resources to target\test-classes
2025-10-25 14:52:46,865 [main] INFO  o.e.m.jdt.internal.UnitTestSupport - Updating java from maven configuration
2025-10-25 14:53:58,844 [Worker-0: Launching PrimeTest] WARN  o.a.m.s.f.DefaultMavenResourcesFiltering - Using platform encoding (UTF-8 actually) to copy filtered resources, i.e. build is platform dependent!
2025-10-25 14:53:58,871 [Worker-0: Launching PrimeTest] INFO  o.a.m.s.f.DefaultMavenResourcesFiltering - Copying 0 resource from src\main\resources to target\classes
2025-10-25 14:53:58,876 [Worker-0: Launching PrimeTest] WARN  o.a.m.s.f.DefaultMavenResourcesFiltering - Using platform encoding (UTF-8 actually) to copy filtered resources, i.e. build is platform dependent!
2025-10-25 14:53:58,878 [Worker-0: Launching PrimeTest] INFO  o.a.m.s.f.DefaultMavenResourcesFiltering - Copying 0 resource from src\test\resources to target\test-classes
2025-10-25 14:54:53,548 [Worker-2: Launching PrimeTest] WARN  o.a.m.s.f.DefaultMavenResourcesFiltering - Using platform encoding (UTF-8 actually) to copy filtered resources, i.e. build is platform dependent!
2025-10-25 14:54:53,550 [Worker-2: Launching PrimeTest] INFO  o.a.m.s.f.DefaultMavenResourcesFiltering - Copying 0 resource from src\main\resources to target\classes
2025-10-25 14:54:53,552 [Worker-2: Launching PrimeTest] WARN  o.a.m.s.f.DefaultMavenResourcesFiltering - Using platform encoding (UTF-8 actually) to copy filtered resources, i.e. build is platform dependent!
2025-10-25 14:54:53,553 [Worker-2: Launching PrimeTest] INFO  o.a.m.s.f.DefaultMavenResourcesFiltering - Copying 0 resource from src\test\resources to target\test-classes
